[2026-04-08--11-33-54 INFO actix_server::builder] starting 5 workers
[2026-04-08--11-33-54 INFO actix_server::server] Tokio runtime found; starting in existing Tokio runtime
[2026-04-08--11-33-54 INFO actix_server::server] starting service: "actix-web-service-127.0.0.1:18488", workers: 5, listening on: 127.0.0.1:18488
[2026-04-08--11-33-54 INFO parity_ws] Listening for new connections on 127.0.0.1:8900.
[2026-04-08--11-34-01 INFO surfpool::cli::simnet] Loaded 39 accounts from directory: /home/user/.nvm/versions/node/v24.10.0/lib/node_modules/@lightprotocol/zk-compression-cli/accounts
[2026-04-08--11-34-01 INFO surfpool::cli::simnet] Datasource connection successful. Epoch 0 / Slot index 0 / Slot 31.
[2026-04-08--11-34-01 INFO surfpool::cli::simnet] Loaded BPF program noopb9bkMVfRPU8AsbpTUg8AQkHtKwMYZiFUjNRtMmV from /home/user/.nvm/versions/node/v24.10.0/lib/node_modules/@lightprotocol/zk-compression-cli/bin/spl_noop.so
[2026-04-08--11-34-01 INFO surfpool::cli::simnet] Loaded BPF program SySTEM1eSU2p4BGQfQpimFEWWSC1XDFeun3Nqzz3rT7 from /home/user/.nvm/versions/node/v24.10.0/lib/node_modules/@lightprotocol/zk-compression-cli/bin/light_system_program_pinocchio.so
[2026-04-08--11-34-01 INFO surfpool::cli::simnet] Loaded BPF program cTokenmWW8bLPjZEBAUgYy3zKxQZW6VKi7bqNFEVv3m from /home/user/.nvm/versions/node/v24.10.0/lib/node_modules/@lightprotocol/zk-compression-cli/bin/light_compressed_token.so
[2026-04-08--11-34-01 INFO surfpool::cli::simnet] Loaded BPF program compr6CUsB5m2jS4Y3831ztGSTnDpnKJTKS95d64XVq from /home/user/.nvm/versions/node/v24.10.0/lib/node_modules/@lightprotocol/zk-compression-cli/bin/account_compression.so
[2026-04-08--11-34-01 INFO surfpool::cli::simnet] Loaded BPF program Lighton6oQpVkeewmo2mcPTQQp7kYHr4fWpAgJyEmDX from /home/user/.nvm/versions/node/v24.10.0/lib/node_modules/@lightprotocol/zk-compression-cli/bin/light_registry.so
[2026-04-08--11-34-01 INFO surfpool::cli::simnet] Account AyMjTKQcZh2WF2DG63kwR8yNvSLv8EfYzZgA1geZnXVL updated.
[2026-04-08--11-34-01 INFO surfpool::cli::simnet] Genesis airdrop successful AyMjTKQcZh2WF2DG63kwR8yNvSLv8EfYzZgA1geZnXVL: 10000000000000
[2026-04-08--11-34-01 INFO surfpool::cli::simnet] Account 24rt4RgeyjUCWGS2eF7L7gyNMuz6JWdqYpAvb1KRoHxs updated.
[2026-04-08--11-34-01 INFO surfpool::cli::simnet] Account 2KNqEh23Se8AHecuzR1UkxL26euq2qXSpQPTH1jH7VqU updated.
[2026-04-08--11-34-01 INFO surfpool::cli::simnet] Account 32tgQWfaASE7SfTQvMaSJDrqe728tJQ2SGzxtDDrpDwS updated.
[2026-04-08--11-34-01 INFO surfpool::cli::simnet] Account 34w7KcLBXabMkHuXE2fY368vFe6kP3v5EJn8nPvQ8SKn updated.
[2026-04-08--11-34-01 INFO surfpool::cli::simnet] Account 35hkDgaAKwMCaxRz2ocSZ6NaUrtKkyNqU6c4RV3tYJRh updated.
[2026-04-08--11-34-01 INFO surfpool::cli::simnet] Account 3FBt1BPQHCQkS8k3wrUXMfB6JBhtMhEqQXueHRw2ojZV updated.
[2026-04-08--11-34-01 INFO surfpool::cli::simnet] Account 8gH9tmziWsS8Wc4fnoN5ax3jsSumNYoRDuSBvmH2GMH8 updated.
[2026-04-08--11-34-01 INFO surfpool::cli::simnet] Account ACXg8a7VaqecBWrSbdu73W4Pg9gsqXJ3EXAqkHyhvVXg updated.
[2026-04-08--11-34-01 INFO surfpool::cli::simnet] Account CuEtcKkkbTn6qy2qxqDswq5U2ADsqoipYDAYfRvxPjcp updated.
[2026-04-08--11-34-01 INFO surfpool::cli::simnet] Account DumMsyvkaGJG4QnQ1BhTgvoRMXsgGxfpKDUCr22Xqu4w updated.
[2026-04-08--11-34-01 INFO surfpool::cli::simnet] Account EzKE84aVTkCUhDHLELqyJaq1Y7UVVmqxXqZjVHwHY3rK updated.
[2026-04-08--11-34-01 INFO surfpool::cli::simnet] Account amt1Ayt45jfbdw5YSo7iz6WZxUmnZsQTYXy82hVwyC2 updated.
[2026-04-08--11-34-01 INFO surfpool::cli::simnet] Account amt2kaJA14v3urZbZvnc5v2np8jqvc4Z8zDep5wbtzx updated.
[2026-04-08--11-34-01 INFO surfpool::cli::simnet] Account aq1S9z4reTSQAdgWHGD2zDaS39sjGrAxbR31vxJ2F4F updated.
[2026-04-08--11-34-01 INFO surfpool::cli::simnet] Account bmt1LryLZUMmF7ZtqESaw7wifBXLfXHQYoE4GAmrahU updated.
[2026-04-08--11-34-01 INFO surfpool::cli::simnet] Account bmt2UxoBxB9xWev4BkLvkGdapsz6sZGkzViPNph7VFi updated.
[2026-04-08--11-34-01 INFO surfpool::cli::simnet] Account bmt3ccLd4bqSVZVeCJnH1F6C8jNygAhaDfxDwePyyGb updated.
[2026-04-08--11-34-01 INFO surfpool::cli::simnet] Account bmt4d3p1a4YQgk9PeZv5s4DBUmbF5NxqYpk9HGjQsd8 updated.
[2026-04-08--11-34-01 INFO surfpool::cli::simnet] Account bmt5yU97jC88YXTuSukYHa8Z5Bi2ZDUtmzfkDTA2mG2 updated.
[2026-04-08--11-34-01 INFO surfpool::cli::simnet] Account cpi15BoVPKgEPw5o8wc2T816GE7b378nMXnhH3Xbq4y updated.
[2026-04-08--11-34-01 INFO surfpool::cli::simnet] Account cpi1uHzrEhBG733DoEJNgHCyRS3XmmyVNZx5fonubE4 updated.
[2026-04-08--11-34-01 INFO surfpool::cli::simnet] Account cpi2cdhkH5roePvcudTgUL8ppEBfTay1desGh8G8QxK updated.
[2026-04-08--11-34-01 INFO surfpool::cli::simnet] Account cpi2yGapXUR3As5SjnHBAVvmApNiLsbeZpF3euWnW6B updated.
[2026-04-08--11-34-01 INFO surfpool::cli::simnet] Account cpi3mbwMpSX8FAGMZVP85AwxqCaQMfEk9Em1v8QK9Rf updated.
[2026-04-08--11-34-01 INFO surfpool::cli::simnet] Account cpi4yyPDc4bCgHAnsenunGA8Y77j3XEDyjgfyCKgcoc updated.
[2026-04-08--11-34-01 INFO surfpool::cli::simnet] Account cpi5ZTjdgYpZ1Xr7B1cMLLUE81oTtJbNNAyKary2nV6 updated.
[2026-04-08--11-34-01 INFO surfpool::cli::simnet] Account nfq1NvQDJ2GEgnS8zt9prAe8rjjpAW1zFkrvZoBR148 updated.
[2026-04-08--11-34-01 INFO surfpool::cli::simnet] Account nfq2hgS7NYemXsFaFUCe3EMXSDSfnZnAe27jC6aPP1X updated.
[2026-04-08--11-34-01 INFO surfpool::cli::simnet] Account oq1na8gojfdUhsfCpyjNt6h4JaDWtHf1yQj4koBWfto updated.
[2026-04-08--11-34-01 INFO surfpool::cli::simnet] Account oq2UkeMsJLfXt2QHzim242SUi3nvjJs8Pn7Eac9H9vg updated.
[2026-04-08--11-34-01 INFO surfpool::cli::simnet] Account oq3AxjekBWgo64gpauB6QtuZNesuv19xrhaC1ZM1THQ updated.
[2026-04-08--11-34-01 INFO surfpool::cli::simnet] Account oq4ypwvVGzCUMoiKKHWh4S1SgZJ9vCvKpcz6RT6A8dq updated.
[2026-04-08--11-34-01 INFO surfpool::cli::simnet] Account oq5oh5ZR3yGomuQgFduNDzjtGvVWfDRGLuDVjv9a96P updated.
[2026-04-08--11-34-01 INFO surfpool::cli::simnet] Account r18WwUxfG8kQ69bQPAB2jV6zGNKy3GosFGctjQoV4ti updated.
[2026-04-08--11-34-01 INFO surfpool::cli::simnet] Account smt1NamzXdq4AMqS2fS2F1i5KTYPZRhoHgWx38d8WsT updated.
[2026-04-08--11-34-01 INFO surfpool::cli::simnet] Account smt2rJAFdyJJupwMKAqTNAJwvjhmiZ4JYGZmbVRw1Ho updated.
[2026-04-08--11-34-01 INFO surfpool::cli::simnet] Preloaded 36 accounts from snapshot(s) into SVM
